---------------------------------------------------------------
[ 2021-01-21T09:08:07+08:00 ] 192.168.1.252 192.168.1.114 GET /index.php/index/article/detail/id/6.html
[ info ] huiminschool.dev.com:8088/index.php/index/article/detail/id/6.html [运行时间：0.039547s][吞吐率：25.29req/s] [内存消耗：3,878.16kb] [文件加载：53]
[ info ] [ LANG ] /home/release/webserver/php/project/huimin/thinkphp/lang/zh-cn.php
[ info ] [ ROUTE ] array (
  'type' => 'module',
  'module' => 
  array (
    0 => 'index',
    1 => 'article',
    2 => 'detail',
  ),
)
[ info ] [ HEADER ] array (
  'host' => 'huiminschool.dev.com:8088',
  'connection' => 'keep-alive',
  'cache-control' => 'max-age=0',
  'upgrade-insecure-requests' => '1',
  'user-agent' => 'Mozilla/5.0 (Windows NT 10.0; WOW64) AppleWebKit/537.36 (KHTML, like Gecko) Chrome/86.0.4240.75 Safari/537.36',
  'accept' => 'text/html,application/xhtml+xml,application/xml;q=0.9,image/avif,image/webp,image/apng,*/*;q=0.8,application/signed-exchange;v=b3;q=0.9',
  'referer' => 'http://huiminschool.dev.com:8088/index.php/index/index/index.html',
  'accept-encoding' => 'gzip, deflate',
  'accept-language' => 'zh-CN,zh;q=0.9',
  'cookie' => 'experimentation_subject_id=IjE4NTc1OTJiLTEzZTYtNGE3MC1iYjk4LTM0ZDZlNWY3ZDQ0MiI%3D--a0b98805ff3046c0f5bffa928943a136b9890e8f; PHPSESSID=54u6pdq4djhqvn6p4tuo0u5t97; admin__forward__=http%3A%2F%2Fhuiminschool.dev.com%3A8088%2Findex.php%2Findex%2Farticle%2Flists%2Fid%2F6.html',
  'content-type' => '',
  'content-length' => '',
)
[ info ] [ PARAM ] array (
  'id' => '6',
)
[ info ] [ DB ] INIT mysql
[ info ] [ SESSION ] INIT array (
  'id' => '',
  'var_session_id' => '',
  'prefix' => 'home',
  'type' => '',
  'auto_start' => true,
)
[ info ] [ RUN ] app\index\controller\Article->detail[ /home/release/webserver/php/project/huimin/application/index/controller/Article.php ]
[ info ] [ CACHE ] INIT File
[ info ] [ VIEW ] /home/release/webserver/php/project/huimin/application/index/view/model/document_title.html [ array (
  0 => 'teacher',
  1 => 'menu',
  2 => 'footer',
  3 => 'pid',
  4 => 'meta_title',
  5 => 'res',
  6 => 'info',
  7 => 'pre',
  8 => 'next',
) ]
[ info ] [ LOG ] INIT File
[ sql ] [ DB ] CONNECT:[ UseTime:0.000310s ] mysql:dbname=huimin;host=127.0.0.1;port=3306;charset=utf8
[ sql ] [ SQL ] SHOW COLUMNS FROM `hm_config` [ RunTime:0.000637s ]
[ sql ] [ SQL ] SELECT * FROM `hm_config` WHERE  `name` = 'WEB_SITE_CLOSE' LIMIT 1 [ RunTime:0.000212s ]
[ sql ] [ SQL ] SELECT * FROM `hm_config` WHERE  `id` IN (110,111,112,113) [ RunTime:0.000292s ]
[ sql ] [ SQL ] SHOW COLUMNS FROM `hm_channel` [ RunTime:0.000576s ]
[ sql ] [ SQL ] SELECT `id`,`sort`,`pid`,`title`,`url`,`target` FROM `hm_channel` WHERE  `status` = 1 ORDER BY sort asc,id asc [ RunTime:0.000236s ]
[ sql ] [ SQL ] SHOW COLUMNS FROM `hm_category` [ RunTime:0.000553s ]
[ sql ] [ SQL ] SELECT * FROM `hm_category` WHERE  `type` = 1  AND `pid` > 0 ORDER BY sort asc [ RunTime:0.000202s ]
[ sql ] [ SQL ] SHOW COLUMNS FROM `hm_document` [ RunTime:0.000560s ]
[ sql ] [ SQL ] SELECT `id`,`uid`,`title`,`category_id`,`cover_id`,`view`,`create_time`,`update_time`,`content`,`sort`,`description`,`comment`,`position`,`model_id`,`status`,`template_detail`,`ceshi`,`ceshis`,`ceshiss`,`ceshisss` FROM `hm_document` WHERE  `id` = 6 LIMIT 1 [ RunTime:0.000267s ]
[ sql ] [ SQL ] SHOW COLUMNS FROM `hm_models` [ RunTime:0.000555s ]
[ sql ] [ SQL ] SELECT `name` FROM `hm_models` WHERE  `id` = 6 LIMIT 1 [ RunTime:0.000194s ]
[ sql ] [ SQL ] SHOW COLUMNS FROM `hm_scenery` [ RunTime:0.000414s ]
[ sql ] [ SQL ] SELECT * FROM `hm_scenery` WHERE  `id` = 6 LIMIT 1 [ RunTime:0.000184s ]
[ sql ] [ SQL ] SELECT * FROM `hm_document` WHERE  `id` = 6 LIMIT 1 [ RunTime:0.000169s ]
[ sql ] [ SQL ] SHOW COLUMNS FROM `hm_photo` [ RunTime:0.000474s ]
[ sql ] [ SQL ] SELECT * FROM `hm_photo` WHERE  `id` = 6 LIMIT 1 [ RunTime:0.000131s ]
[ sql ] [ SQL ] UPDATE `hm_document`  SET `view`=view+1  WHERE  `id` = 6 [ RunTime:0.000227s ]
[ sql ] [ SQL ] SELECT `id`,`pid` FROM `hm_category` [ RunTime:0.000146s ]
[ sql ] [ SQL ] SHOW COLUMNS FROM `hm_comment` [ RunTime:0.000634s ]
[ sql ] [ SQL ] SELECT COUNT(*) AS tp_count FROM `hm_comment` WHERE  `doc_id` = 6 LIMIT 1 [ RunTime:0.000133s ]
[ sql ] [ SQL ] SELECT * FROM `hm_comment` WHERE  `doc_id` = 6 ORDER BY id desc LIMIT 0,10 [ RunTime:0.000166s ]
[ sql ] [ SQL ] SELECT COUNT(*) AS tp_count FROM `hm_comment` WHERE  `doc_id` = 6 ORDER BY id desc LIMIT 1 [ RunTime:0.000153s ]
[ sql ] [ SQL ] SELECT `name` FROM `hm_models` WHERE  `id` = 6 LIMIT 1 [ RunTime:0.000123s ]
[ sql ] [ SQL ] SELECT * FROM `hm_document` WHERE  `model_id` = 1  AND `id` < 6 ORDER BY id desc LIMIT 1 [ RunTime:0.000238s ]
[ sql ] [ SQL ] SELECT * FROM `hm_document` WHERE  `model_id` = 1  AND `id` > 6 ORDER BY id asc LIMIT 1 [ RunTime:0.000391s ]
[ sql ] [ SQL ] SELECT * FROM `hm_config` WHERE  `name` = 'WEB_SITE_TITLE' LIMIT 1 [ RunTime:0.000193s ]
[ sql ] [ SQL ] SELECT * FROM `hm_config` WHERE  `name` = 'KEYWORD' LIMIT 1 [ RunTime:0.000180s ]
[ sql ] [ SQL ] SELECT * FROM `hm_config` WHERE  `name` = 'DESCRIPTION' LIMIT 1 [ RunTime:0.000146s ]
[ sql ] [ SQL ] SELECT * FROM `hm_config` WHERE  `name` = 'LOGO' LIMIT 1 [ RunTime:0.000153s ]
[ sql ] [ SQL ] SHOW COLUMNS FROM `hm_picture` [ RunTime:0.000789s ]
[ sql ] [ SQL ] SELECT * FROM `hm_picture` WHERE  `id` = 1 LIMIT 1 [ RunTime:0.000174s ]
[ sql ] [ SQL ] SELECT * FROM `hm_config` WHERE  `name` = 'guojicode' LIMIT 1 [ RunTime:0.000192s ]
[ sql ] [ SQL ] SELECT * FROM `hm_config` WHERE  `name` = 'PHONE' LIMIT 1 [ RunTime:0.000168s ]
[ sql ] [ SQL ] SHOW COLUMNS FROM `hm_slide` [ RunTime:0.000678s ]
[ sql ] [ SQL ] SELECT * FROM `hm_slide` WHERE  `place` = 1 ORDER BY sort asc LIMIT 5 [ RunTime:0.000200s ]
[ sql ] [ SQL ] SELECT * FROM `hm_picture` WHERE  `id` = 3 LIMIT 1 [ RunTime:0.000154s ]
[ sql ] [ SQL ] SELECT * FROM `hm_picture` WHERE  `id` = 2 LIMIT 1 [ RunTime:0.000139s ]
[ sql ] [ SQL ] SELECT * FROM `hm_slide` WHERE  `place` = 1 ORDER BY sort desc LIMIT 5 [ RunTime:0.000207s ]
[ sql ] [ SQL ] SELECT * FROM `hm_category` WHERE  `id` = 2 LIMIT 1 [ RunTime:0.000179s ]
[ sql ] [ SQL ] SELECT * FROM `hm_category` WHERE  `id` = 2 LIMIT 1 [ RunTime:0.000168s ]
[ sql ] [ SQL ] SELECT * FROM `hm_category` WHERE  `id` = 2 LIMIT 1 [ RunTime:0.000230s ]
[ sql ] [ SQL ] SELECT * FROM `hm_config` WHERE  `name` = 'PHONE' LIMIT 1 [ RunTime:0.000166s ]
[ sql ] [ SQL ] SELECT * FROM `hm_config` WHERE  `name` = 'ADDRESS' LIMIT 1 [ RunTime:0.000191s ]
[ sql ] [ SQL ] SELECT * FROM `hm_config` WHERE  `name` = 'PHONE' LIMIT 1 [ RunTime:0.000173s ]
